<?xml version="1.0" encoding="UTF-8"?>
<!-- Generated by org.testng.reporters.JUnitXMLReporter -->
<testsuite hostname="net04-PC" ignored="0" name="Default test" tests="7" failures="0" timestamp="09 Feb 2018 06:46:59 GMT" time="258.66" errors="0">
  <testcase name="Login" time="14.007" classname="Performance_Testcases.P_Worksheet_start"/>
  <testcase name="TEST" time="36.374" classname="Performance_Testcases.P_Worksheet_start"/>
  <testcase name="TEST" time="34.92" classname="Performance_Testcases.P_Worksheet_start"/>
  <testcase name="TEST" time="35.599" classname="Performance_Testcases.P_Worksheet_start"/>
  <testcase name="TEST" time="57.818" classname="Performance_Testcases.P_Worksheet_start"/>
  <testcase name="TEST" time="38.017" classname="Performance_Testcases.P_Worksheet_start"/>
  <testcase name="TEST" time="36.367" classname="Performance_Testcases.P_Worksheet_start"/>
</testsuite> <!-- Default test -->
