<?xml version="1.0" encoding="UTF-8"?>
<testng-results skipped="0" failed="0" ignored="0" total="7" passed="7">
  <reporter-output>
  </reporter-output>
  <suite name="Default suite" duration-ms="258660" started-at="2018-02-09T06:42:40Z" finished-at="2018-02-09T06:46:59Z">
    <groups>
    </groups>
    <test name="Default test" duration-ms="258660" started-at="2018-02-09T06:42:40Z" finished-at="2018-02-09T06:46:59Z">
      <class name="Performance_Testcases.P_Worksheet_start">
        <test-method status="PASS" signature="Openbrowser()[pri:0, instance:Performance_Testcases.P_Worksheet_start@2a3888c1]" name="Openbrowser" is-config="true" duration-ms="3374" started-at="2018-02-09T12:12:36Z" finished-at="2018-02-09T12:12:40Z">
          <reporter-output>
          </reporter-output>
        </test-method> <!-- Openbrowser -->
        <test-method status="PASS" signature="Login()[pri:1, instance:Performance_Testcases.P_Worksheet_start@2a3888c1]" name="Login" duration-ms="14007" started-at="2018-02-09T12:12:40Z" finished-at="2018-02-09T12:12:54Z">
          <reporter-output>
          </reporter-output>
        </test-method> <!-- Login -->
        <test-method status="PASS" signature="TEST(java.lang.String, java.lang.String, java.lang.String, java.lang.String)[pri:2, instance:Performance_Testcases.P_Worksheet_start@2a3888c1]" name="TEST" duration-ms="36374" started-at="2018-02-09T12:12:54Z" data-provider="Search data" finished-at="2018-02-09T12:13:30Z">
          <params>
            <param index="0">
              <value>
                <![CDATA[Level 3]]>
              </value>
            </param>
            <param index="1">
              <value>
                <![CDATA[Math Skills L3]]>
              </value>
            </param>
            <param index="2">
              <value>
                <![CDATA[Fractions]]>
              </value>
            </param>
            <param index="3">
              <value>
                <![CDATA[Order : ascending / descending ( worksheet 1 )]]>
              </value>
            </param>
          </params>
          <reporter-output>
          </reporter-output>
        </test-method> <!-- TEST -->
        <test-method status="PASS" signature="TEST(java.lang.String, java.lang.String, java.lang.String, java.lang.String)[pri:2, instance:Performance_Testcases.P_Worksheet_start@2a3888c1]" name="TEST" duration-ms="34920" started-at="2018-02-09T12:13:30Z" data-provider="Search data" finished-at="2018-02-09T12:14:05Z">
          <params>
            <param index="0">
              <value>
                <![CDATA[Level 3]]>
              </value>
            </param>
            <param index="1">
              <value>
                <![CDATA[Math Skills L3]]>
              </value>
            </param>
            <param index="2">
              <value>
                <![CDATA[Whole numbers]]>
              </value>
            </param>
            <param index="3">
              <value>
                <![CDATA[Biggest and smallest number identification word problems]]>
              </value>
            </param>
          </params>
          <reporter-output>
          </reporter-output>
        </test-method> <!-- TEST -->
        <test-method status="PASS" signature="TEST(java.lang.String, java.lang.String, java.lang.String, java.lang.String)[pri:2, instance:Performance_Testcases.P_Worksheet_start@2a3888c1]" name="TEST" duration-ms="35599" started-at="2018-02-09T12:14:05Z" data-provider="Search data" finished-at="2018-02-09T12:14:41Z">
          <params>
            <param index="0">
              <value>
                <![CDATA[Level 2]]>
              </value>
            </param>
            <param index="1">
              <value>
                <![CDATA[Math Skills L2]]>
              </value>
            </param>
            <param index="2">
              <value>
                <![CDATA[Fractions]]>
              </value>
            </param>
            <param index="3">
              <value>
                <![CDATA[Identify : using shapes ( worksheet 2 )]]>
              </value>
            </param>
          </params>
          <reporter-output>
          </reporter-output>
        </test-method> <!-- TEST -->
        <test-method status="PASS" signature="TEST(java.lang.String, java.lang.String, java.lang.String, java.lang.String)[pri:2, instance:Performance_Testcases.P_Worksheet_start@2a3888c1]" name="TEST" duration-ms="57818" started-at="2018-02-09T12:14:41Z" data-provider="Search data" finished-at="2018-02-09T12:15:39Z">
          <params>
            <param index="0">
              <value>
                <![CDATA[Level K2]]>
              </value>
            </param>
            <param index="1">
              <value>
                <![CDATA[Math Skills K2]]>
              </value>
            </param>
            <param index="2">
              <value>
                <![CDATA[Patterns]]>
              </value>
            </param>
            <param index="3">
              <value>
                <![CDATA[Identify the matching pattern]]>
              </value>
            </param>
          </params>
          <reporter-output>
          </reporter-output>
        </test-method> <!-- TEST -->
        <test-method status="PASS" signature="TEST(java.lang.String, java.lang.String, java.lang.String, java.lang.String)[pri:2, instance:Performance_Testcases.P_Worksheet_start@2a3888c1]" name="TEST" duration-ms="38017" started-at="2018-02-09T12:15:39Z" data-provider="Search data" finished-at="2018-02-09T12:16:17Z">
          <params>
            <param index="0">
              <value>
                <![CDATA[Level 2]]>
              </value>
            </param>
            <param index="1">
              <value>
                <![CDATA[Math Skills L2]]>
              </value>
            </param>
            <param index="2">
              <value>
                <![CDATA[Division]]>
              </value>
            </param>
            <param index="3">
              <value>
                <![CDATA[Visual understanding of division and multiplication]]>
              </value>
            </param>
          </params>
          <reporter-output>
          </reporter-output>
        </test-method> <!-- TEST -->
        <test-method status="PASS" signature="TEST(java.lang.String, java.lang.String, java.lang.String, java.lang.String)[pri:2, instance:Performance_Testcases.P_Worksheet_start@2a3888c1]" name="TEST" duration-ms="36367" started-at="2018-02-09T12:16:17Z" data-provider="Search data" finished-at="2018-02-09T12:16:53Z">
          <params>
            <param index="0">
              <value>
                <![CDATA[Level 4]]>
              </value>
            </param>
            <param index="1">
              <value>
                <![CDATA[Math Skills L4]]>
              </value>
            </param>
            <param index="2">
              <value>
                <![CDATA[Fractions]]>
              </value>
            </param>
            <param index="3">
              <value>
                <![CDATA[Ordering fractions in ascending / descending series]]>
              </value>
            </param>
          </params>
          <reporter-output>
          </reporter-output>
        </test-method> <!-- TEST -->
        <test-method status="PASS" signature="teardown()[pri:0, instance:Performance_Testcases.P_Worksheet_start@2a3888c1]" name="teardown" is-config="true" duration-ms="5355" started-at="2018-02-09T12:16:53Z" finished-at="2018-02-09T12:16:59Z">
          <reporter-output>
          </reporter-output>
        </test-method> <!-- teardown -->
      </class> <!-- Performance_Testcases.P_Worksheet_start -->
    </test> <!-- Default test -->
  </suite> <!-- Default suite -->
</testng-results>
